2019-06-27 14:07:18,690-connectionpool.py[line206]-DEBUG-Starting new HTTP connection (1): thz5.net:80
2019-06-27 14:07:24,819-connectionpool.py[line396]-DEBUG-http://thz5.net:80 "GET /thread-1930952-1-1.html123 HTTP/1.1" 404 570
2019-06-27 14:08:08,339-connectionpool.py[line206]-DEBUG-Starting new HTTP connection (1): thz5.net:80
2019-06-27 14:08:08,844-connectionpool.py[line396]-DEBUG-http://thz5.net:80 "GET /thread-1930952-1-1.html123 HTTP/1.1" 404 570
2019-06-27 14:08:33,020-connectionpool.py[line206]-DEBUG-Starting new HTTP connection (1): thz5.net:80
2019-06-27 14:08:33,921-connectionpool.py[line396]-DEBUG-http://thz5.net:80 "GET /thread-1930952-1-1.html HTTP/1.1" 200 None
2019-06-27 14:08:34,698-connectionpool.py[line206]-DEBUG-Starting new HTTP connection (1): tu12.3wk.cc:80
2019-06-27 14:08:36,373-connectionpool.py[line396]-DEBUG-http://tu12.3wk.cc:80 "GET /images/2019/01/07/de080a8a92189c3c43c137462759531b.jpg HTTP/1.1" 200 428244
2019-06-27 14:09:21,202-connectionpool.py[line206]-DEBUG-Starting new HTTP connection (1): pic.thzpic.com:80
2019-06-27 14:09:22,659-connectionpool.py[line396]-DEBUG-http://pic.thzpic.com:80 "GET /forum/201901/07/202740zqqnvx442e1d2vne.jpg HTTP/1.1" 200 37367
2019-06-27 14:09:23,324-connectionpool.py[line206]-DEBUG-Starting new HTTP connection (1): thz5.net:80
2019-06-27 14:09:25,524-connectionpool.py[line396]-DEBUG-http://thz5.net:80 "GET /forum.php?mod=attachment&aid=NDMwMTg4fGEzODAxYjMyfDE1NjE2MTQ1ODl8MHwxOTMwOTUy HTTP/1.1" 200 21347
2019-06-27 14:12:19,094-connectionpool.py[line206]-DEBUG-Starting new HTTP connection (1): thz5.net:80
2019-06-27 14:12:19,811-connectionpool.py[line396]-DEBUG-http://thz5.net:80 "GET /thread-1930952-1-1.html HTTP/1.1" 200 None
2019-06-27 14:12:20,512-connectionpool.py[line206]-DEBUG-Starting new HTTP connection (1): tu12.3wk.cc:80
2019-06-27 14:12:22,972-connectionpool.py[line396]-DEBUG-http://tu12.3wk.cc:80 "GET /images/2019/01/07/de080a8a92189c3c43c137462759531b.jpg HTTP/1.1" 200 428244
2019-06-27 14:14:15,890-connectionpool.py[line206]-DEBUG-Starting new HTTP connection (1): pic.thzpic.com:80
2019-06-27 14:14:16,950-connectionpool.py[line396]-DEBUG-http://pic.thzpic.com:80 "GET /forum/201901/07/202740zqqnvx442e1d2vne.jpg HTTP/1.1" 200 37367
2019-06-27 14:14:17,504-connectionpool.py[line206]-DEBUG-Starting new HTTP connection (1): thz5.net:80
2019-06-27 14:14:18,325-connectionpool.py[line396]-DEBUG-http://thz5.net:80 "GET /forum.php?mod=attachment&aid=NDMwMTg4fGEzODAxYjMyfDE1NjE2MTQ1ODl8MHwxOTMwOTUy HTTP/1.1" 200 21347
2019-06-27 14:15:59,483-connectionpool.py[line206]-DEBUG-Starting new HTTP connection (1): thz5.net:80
2019-06-27 14:16:00,257-connectionpool.py[line396]-DEBUG-http://thz5.net:80 "GET /thread-1930952-1-1.html HTTP/1.1" 200 None
2019-06-27 14:16:00,806-connectionpool.py[line206]-DEBUG-Starting new HTTP connection (1): tu12.3wk.cc:80
2019-06-27 14:16:01,800-connectionpool.py[line396]-DEBUG-http://tu12.3wk.cc:80 "GET /images/2019/01/07/de080a8a92189c3c43c137462759531b.jpg HTTP/1.1" 200 428244
2019-06-27 14:16:41,004-connectionpool.py[line206]-DEBUG-Starting new HTTP connection (1): pic.thzpic.com:80
2019-06-27 14:16:42,565-connectionpool.py[line396]-DEBUG-http://pic.thzpic.com:80 "GET /forum/201901/07/202740zqqnvx442e1d2vne.jpg HTTP/1.1" 200 37367
2019-06-27 14:16:43,460-connectionpool.py[line206]-DEBUG-Starting new HTTP connection (1): thz5.net:80
2019-06-27 14:16:44,410-connectionpool.py[line396]-DEBUG-http://thz5.net:80 "GET /forum.php?mod=attachment&aid=NDMwMTg4fGEzODAxYjMyfDE1NjE2MTQ1ODl8MHwxOTMwOTUy HTTP/1.1" 200 21347
2019-06-27 14:16:47,898-run.py[line167]-INFO- 目前已爬取页面： 0 最大爬取限度：3
2019-06-27 14:16:47,903-connectionpool.py[line206]-DEBUG-Starting new HTTP connection (1): thz5.net:80
2019-06-27 14:16:48,710-connectionpool.py[line396]-DEBUG-http://thz5.net:80 "GET /thread-1930950-1-1.html HTTP/1.1" 200 None
2019-06-27 14:16:49,503-connectionpool.py[line206]-DEBUG-Starting new HTTP connection (1): tu12.3wk.cc:80
2019-06-27 14:16:50,962-connectionpool.py[line396]-DEBUG-http://tu12.3wk.cc:80 "GET /images/2019/01/07/2bddcccbb553faa0d5a4f0459ecb57a4.jpg HTTP/1.1" 200 395490
2019-06-27 14:17:42,621-connectionpool.py[line206]-DEBUG-Starting new HTTP connection (1): pic.thzpic.com:80
2019-06-27 14:17:44,107-connectionpool.py[line396]-DEBUG-http://pic.thzpic.com:80 "GET /forum/201901/07/202500y63vg15q3ztog626.jpg HTTP/1.1" 200 77902
2019-06-27 14:17:45,828-connectionpool.py[line206]-DEBUG-Starting new HTTP connection (1): thz5.net:80
2019-06-27 14:17:46,667-connectionpool.py[line396]-DEBUG-http://thz5.net:80 "GET /forum.php?mod=attachment&aid=NDMwMTg2fDI3YjU5OTgwfDE1NjE2MTQ4MDl8MHwxOTMwOTUw HTTP/1.1" 200 17928
2019-06-27 14:17:49,969-run.py[line167]-INFO- 目前已爬取页面： 1 最大爬取限度：3
2019-06-27 14:17:49,975-connectionpool.py[line206]-DEBUG-Starting new HTTP connection (1): thz5.net:80
2019-06-27 14:17:50,841-connectionpool.py[line396]-DEBUG-http://thz5.net:80 "GET /thread-1930948-1-1.html HTTP/1.1" 200 None
2019-06-27 14:17:51,708-connectionpool.py[line206]-DEBUG-Starting new HTTP connection (1): tu12.3wk.cc:80
2019-06-27 14:17:52,839-connectionpool.py[line396]-DEBUG-http://tu12.3wk.cc:80 "GET /images/2019/01/07/570aae196d9c3ad0ea467dc0fe72d946.jpg HTTP/1.1" 200 378602
2019-06-27 14:18:56,053-connectionpool.py[line206]-DEBUG-Starting new HTTP connection (1): pic.thzpic.com:80
2019-06-27 14:19:00,239-connectionpool.py[line396]-DEBUG-http://pic.thzpic.com:80 "GET /forum/201901/07/202047azq4dz3z36ud0uku.jpg HTTP/1.1" 200 67358
2019-06-27 14:19:01,302-connectionpool.py[line206]-DEBUG-Starting new HTTP connection (1): thz5.net:80
2019-06-27 14:19:02,238-connectionpool.py[line396]-DEBUG-http://thz5.net:80 "GET /forum.php?mod=attachment&aid=NDMwMTg0fDVlMDMzMjA3fDE1NjE2MTUyMjh8MHwxOTMwOTQ4 HTTP/1.1" 200 18262
2019-06-27 14:19:05,714-run.py[line167]-INFO- 目前已爬取页面： 2 最大爬取限度：3
2019-06-27 14:19:05,716-connectionpool.py[line206]-DEBUG-Starting new HTTP connection (1): thz5.net:80
2019-06-27 14:19:06,625-connectionpool.py[line396]-DEBUG-http://thz5.net:80 "GET /thread-1930947-1-1.html HTTP/1.1" 200 None
2019-06-27 14:19:07,315-connectionpool.py[line206]-DEBUG-Starting new HTTP connection (1): tu12.3wk.cc:80
2019-06-27 14:19:09,126-connectionpool.py[line396]-DEBUG-http://tu12.3wk.cc:80 "GET /images/2019/01/07/8fd8ae61f830486d4585c2ef4ac75b67.jpg HTTP/1.1" 200 367500
2019-06-27 14:19:33,450-connectionpool.py[line206]-DEBUG-Starting new HTTP connection (1): pic.thzpic.com:80
2019-06-27 14:19:35,007-connectionpool.py[line396]-DEBUG-http://pic.thzpic.com:80 "GET /forum/201901/07/201809jkph60iu7gyut0hl.jpg HTTP/1.1" 200 62619
2019-06-27 14:19:36,327-connectionpool.py[line206]-DEBUG-Starting new HTTP connection (1): thz5.net:80
2019-06-27 14:19:37,259-connectionpool.py[line396]-DEBUG-http://thz5.net:80 "GET /forum.php?mod=attachment&aid=NDMwMTgyfDAzZDg0YWFhfDE1NjE2MTUzMDN8MHwxOTMwOTQ3 HTTP/1.1" 200 18040
2019-06-27 14:26:48,709-connectionpool.py[line206]-DEBUG-Starting new HTTP connection (1): thz5.net:80
2019-06-27 14:26:49,385-connectionpool.py[line396]-DEBUG-http://thz5.net:80 "GET /thread-1930952-1-1.html HTTP/1.1" 200 None
2019-06-27 14:26:50,163-connectionpool.py[line206]-DEBUG-Starting new HTTP connection (1): tu12.3wk.cc:80
2019-06-27 14:26:50,893-connectionpool.py[line396]-DEBUG-http://tu12.3wk.cc:80 "GET /images/2019/01/07/de080a8a92189c3c43c137462759531b.jpg HTTP/1.1" 200 428244
2019-06-27 14:30:00,827-connectionpool.py[line206]-DEBUG-Starting new HTTP connection (1): thz5.net:80
2019-06-27 14:30:01,897-connectionpool.py[line396]-DEBUG-http://thz5.net:80 "GET /thread-1930952-1-1.html HTTP/1.1" 200 None
2019-06-27 14:30:02,693-connectionpool.py[line206]-DEBUG-Starting new HTTP connection (1): tu12.3wk.cc:80
2019-06-27 14:30:08,947-connectionpool.py[line396]-DEBUG-http://tu12.3wk.cc:80 "GET /images/2019/01/07/de080a8a92189c3c43c137462759531b.jpg HTTP/1.1" 200 428244
